
ROM used:   187/8192 (2%)
            187/8192 (2%) including unused fragments

            0.2 Average locations per line
            7.5 Average locations per statement

RAM used:   8/368 (2%) at main() level
            9/368 (2%) worst case

Stack used: 0 worst case (0 in main + 0 for interrupts)
Stack size: 8

Lines Stmts  %   Files
----- ----- ---  -----
   82    25 100  LED RGB.c
  786     0   0  ..\..\..\..\..\Program Files\PICC\Devices\16F887.h
----- -----
  868    25 Total

Page ROM  %  RAM    Vol Diff  Functions:
---- --- --- ---    --- ----  ----------
0     20  11    1             @delay_ms1
0     25  13    0     76  2.0  SisInit
0     72  39    0    221  4.1  Set_PWM
0     66  35    0    262  1.8  MAIN
 Inline         0             @cinit1

Program metrics:
    Functions               3
    Statements              25
    Comments                169
    Volume (V)              739
    Difficulty (D)          7.8
    Effort to implement (E) 5753
    Time to implement (T)   5 minutes
    Est Delivered Bugs (B)  0
    Cyclomatic Complexity   2
    Maintainability (MI)    68

 Segment     Used  Free
-----------  ----  ----
00000-00003     4  0  
00004-007FF   183  1861  
00800-00FFF     0  2048  
01000-017FF     0  2048  
01800-01FFF     0  2048  



